<?xml version="1.0" encoding="UTF-8"?>
<!-- Generated by org.testng.reporters.JUnitReportReporter -->
<testsuite hostname="LAPTOP-L3I8I5EP" failures="0" tests="1" name="TestNGprograms.TestNGAnnotations" time="0.010" errors="0" timestamp="2024-04-17T22:50:28 IST" skipped="0">
  <testcase classname="TestNGprograms.TestNGAnnotations" name="tc" time="0.010"/>
  <system-out>
    <![CDATA[=====verify login operation=====]]>
  </system-out>
</testsuite> <!-- TestNGprograms.TestNGAnnotations -->
