<?xml version="1.0" encoding="UTF-8"?>
<!-- Generated by org.testng.reporters.JUnitReportReporter -->
<testsuite hostname="LAPTOP-L3I8I5EP" failures="0" tests="2" name="TestNGprograms.EnabledequalsFalse" time="0.015" errors="0" timestamp="2024-04-17T22:34:33 IST" skipped="1">
  <testcase classname="TestNGprograms.EnabledequalsFalse" name="logout" time="0.015"/>
  <system-out>
    <![CDATA[logout]]>
  </system-out>
  <testcase classname="TestNGprograms.EnabledequalsFalse" name="login">
    <skipped/>
  </testcase> <!-- login -->
  <system-out/>
</testsuite> <!-- TestNGprograms.EnabledequalsFalse -->
