<?xml version="1.0" encoding="UTF-8"?>
<!-- Generated by org.testng.reporters.JUnitReportReporter -->
<testsuite hostname="LAPTOP-L3I8I5EP" failures="0" tests="20" name="TestNGprograms.Keywordsinvocationcount" time="0.045" errors="0" timestamp="2024-04-17T22:18:09 IST" skipped="0">
  <testcase classname="TestNGprograms.Keywordsinvocationcount" name="m1" time="0.001"/>
  <system-out>
    <![CDATA[hii]]>
  </system-out>
  <testcase classname="TestNGprograms.Keywordsinvocationcount" name="m1" time="0.002"/>
  <system-out>
    <![CDATA[hii]]>
  </system-out>
  <testcase classname="TestNGprograms.Keywordsinvocationcount" name="m1" time="0.003"/>
  <system-out>
    <![CDATA[hii]]>
  </system-out>
  <testcase classname="TestNGprograms.Keywordsinvocationcount" name="m1" time="0.001"/>
  <system-out>
    <![CDATA[hii]]>
  </system-out>
  <testcase classname="TestNGprograms.Keywordsinvocationcount" name="m1" time="0.002"/>
  <system-out>
    <![CDATA[hii]]>
  </system-out>
  <testcase classname="TestNGprograms.Keywordsinvocationcount" name="m1" time="0.002"/>
  <system-out>
    <![CDATA[hii]]>
  </system-out>
  <testcase classname="TestNGprograms.Keywordsinvocationcount" name="m1" time="0.000"/>
  <system-out>
    <![CDATA[hii]]>
  </system-out>
  <testcase classname="TestNGprograms.Keywordsinvocationcount" name="m1" time="0.002"/>
  <system-out>
    <![CDATA[hii]]>
  </system-out>
  <testcase classname="TestNGprograms.Keywordsinvocationcount" name="m1" time="0.001"/>
  <system-out>
    <![CDATA[hii]]>
  </system-out>
  <testcase classname="TestNGprograms.Keywordsinvocationcount" name="m1" time="0.001"/>
  <system-out>
    <![CDATA[hii]]>
  </system-out>
  <testcase classname="TestNGprograms.Keywordsinvocationcount" name="m1" time="0.002"/>
  <system-out>
    <![CDATA[hii]]>
  </system-out>
  <testcase classname="TestNGprograms.Keywordsinvocationcount" name="m1" time="0.000"/>
  <system-out>
    <![CDATA[hii]]>
  </system-out>
  <testcase classname="TestNGprograms.Keywordsinvocationcount" name="m1" time="0.001"/>
  <system-out>
    <![CDATA[hii]]>
  </system-out>
  <testcase classname="TestNGprograms.Keywordsinvocationcount" name="m1" time="0.000"/>
  <system-out>
    <![CDATA[hii]]>
  </system-out>
  <testcase classname="TestNGprograms.Keywordsinvocationcount" name="m1" time="0.017"/>
  <system-out>
    <![CDATA[hii]]>
  </system-out>
  <testcase classname="TestNGprograms.Keywordsinvocationcount" name="m1" time="0.002"/>
  <system-out>
    <![CDATA[hii]]>
  </system-out>
  <testcase classname="TestNGprograms.Keywordsinvocationcount" name="m1" time="0.003"/>
  <system-out>
    <![CDATA[hii]]>
  </system-out>
  <testcase classname="TestNGprograms.Keywordsinvocationcount" name="m1" time="0.001"/>
  <system-out>
    <![CDATA[hii]]>
  </system-out>
  <testcase classname="TestNGprograms.Keywordsinvocationcount" name="m1" time="0.001"/>
  <system-out>
    <![CDATA[hii]]>
  </system-out>
  <testcase classname="TestNGprograms.Keywordsinvocationcount" name="m1" time="0.003"/>
  <system-out>
    <![CDATA[hii]]>
  </system-out>
</testsuite> <!-- TestNGprograms.Keywordsinvocationcount -->
