<?xml version="1.0" encoding="UTF-8"?>
<!-- Generated by org.testng.reporters.JUnitReportReporter -->
<testsuite hostname="LAPTOP-L3I8I5EP" failures="0" tests="2" name="Groupexecution.Allgroups" time="0.020" errors="0" timestamp="2024-04-19T10:46:36 IST" skipped="0">
  <testcase classname="Groupexecution.Allgroups" name="verifyLink" time="0.019"/>
  <system-out>
    <![CDATA[smoketestcase]]>
  </system-out>
  <testcase classname="Groupexecution.Allgroups" name="verifyLogo" time="0.001"/>
  <system-out>
    <![CDATA[smoketestcase]]>
  </system-out>
</testsuite> <!-- Groupexecution.Allgroups -->
