<?xml version="1.0" encoding="UTF-8"?>
<!-- Generated by org.testng.reporters.JUnitReportReporter -->
<testsuite hostname="LAPTOP-L3I8I5EP" failures="0" tests="1" name="ParallelExecution.A" time="19.505" errors="0" timestamp="2024-04-18T11:43:43 IST" skipped="0">
  <testcase classname="ParallelExecution.A" name="TC1" time="19.505"/>
  <system-out/>
</testsuite> <!-- ParallelExecution.A -->
