<?xml version="1.0" encoding="UTF-8"?>
<!-- Generated by org.testng.reporters.JUnitReportReporter -->
<testsuite hostname="LAPTOP-L3I8I5EP" failures="0" tests="1" name="TestNGprograms.A" time="0.014" errors="0" timestamp="2024-04-16T11:58:33 IST" skipped="0">
  <testcase classname="TestNGprograms.A" name="m1" time="0.014"/>
  <system-out>
    <![CDATA[hii]]>
  </system-out>
</testsuite> <!-- TestNGprograms.A -->
