<?xml version="1.0" encoding="UTF-8"?>
<!-- Generated by org.testng.reporters.JUnitReportReporter -->
<testsuite hostname="LAPTOP-L3I8I5EP" failures="0" tests="2" name="DisabledTest.disabledclass" time="0.016" errors="0" timestamp="2024-04-19T10:57:27 IST" skipped="0">
  <testcase classname="DisabledTest.disabledclass" name="TC3" time="0.001"/>
  <system-out>
    <![CDATA[TC3]]>
  </system-out>
  <testcase classname="DisabledTest.disabledclass" name="TC1" time="0.015"/>
  <system-out>
    <![CDATA[TC1]]>
  </system-out>
</testsuite> <!-- DisabledTest.disabledclass -->
