<?xml version="1.0" encoding="UTF-8"?>
<!-- Generated by org.testng.reporters.JUnitReportReporter -->
<testsuite hostname="LAPTOP-L3I8I5EP" failures="0" tests="1" name="TestNGprograms.Timeouts" time="0.031" errors="0" timestamp="2024-04-17T22:40:17 IST" skipped="0">
  <testcase classname="TestNGprograms.Timeouts" name="logout" time="0.031"/>
  <system-out>
    <![CDATA[logout]]>
  </system-out>
</testsuite> <!-- TestNGprograms.Timeouts -->
