<?xml version="1.0" encoding="UTF-8"?>
<!-- Generated by org.testng.reporters.JUnitReportReporter -->
<testsuite hostname="LAPTOP-L3I8I5EP" failures="0" tests="1" name="TestNGprograms.Priority" time="0.012" errors="0" timestamp="2024-04-17T22:28:37 IST" skipped="0">
  <testcase classname="TestNGprograms.Priority" name="login" time="0.012"/>
  <system-out>
    <![CDATA[login]]>
  </system-out>
</testsuite> <!-- TestNGprograms.Priority -->
