<?xml version="1.0" encoding="UTF-8"?>
<!-- Generated by org.testng.reporters.JUnitReportReporter -->
<testsuite hostname="LAPTOP-L3I8I5EP" failures="0" tests="3" name="BatchExecution.B" time="0.014" errors="0" timestamp="2024-04-18T11:02:20 IST" skipped="0">
  <testcase classname="BatchExecution.B" name="TC5" time="0.001"/>
  <system-out>
    <![CDATA[TC5]]>
  </system-out>
  <testcase classname="BatchExecution.B" name="TC4" time="0.012"/>
  <system-out>
    <![CDATA[TC4]]>
  </system-out>
  <testcase classname="BatchExecution.B" name="TC6" time="0.001"/>
  <system-out>
    <![CDATA[TC6]]>
  </system-out>
</testsuite> <!-- BatchExecution.B -->
