<?xml version="1.0" encoding="UTF-8"?>
<!-- Generated by org.testng.reporters.JUnitReportReporter -->
<testsuite hostname="LAPTOP-L3I8I5EP" failures="0" tests="1" name="TestNGprograms.B" time="0.012" errors="0" timestamp="2024-04-16T17:51:36 IST" skipped="0">
  <testcase classname="TestNGprograms.B" name="m2" time="0.012"/>
  <system-out/>
</testsuite> <!-- TestNGprograms.B -->
