<?xml version="1.0" encoding="UTF-8"?>
<!-- Generated by org.testng.reporters.JUnitReportReporter -->
<testsuite hostname="LAPTOP-L3I8I5EP" failures="0" tests="3" name="DisabledTest.Disable_using_enabledkeyword" time="0.015" errors="0" timestamp="2024-04-19T11:13:32 IST" skipped="1">
  <testcase classname="DisabledTest.Disable_using_enabledkeyword" name="TC3" time="0.002"/>
  <system-out>
    <![CDATA[TC3]]>
  </system-out>
  <testcase classname="DisabledTest.Disable_using_enabledkeyword" name="TC2" time="0.013"/>
  <system-out>
    <![CDATA[TC2]]>
  </system-out>
  <testcase classname="DisabledTest.Disable_using_enabledkeyword" name="TC1">
    <skipped/>
  </testcase> <!-- TC1 -->
  <system-out/>
</testsuite> <!-- DisabledTest.Disable_using_enabledkeyword -->
